

times in msec
 clock   self+sourced   self:  sourced script
 clock   elapsed:              other lines

000.011  000.011: --- NVIM STARTING ---
001.008  000.997: locale set
001.617  000.609: inits 1
001.640  000.023: window checked
001.647  000.007: parsing arguments
004.931  003.284: expanding arguments
005.003  000.073: inits 2
005.532  000.528: init highlight
005.533  000.002: waiting for UI
007.965  002.432: done waiting for UI
007.986  000.021: init screen for UI
008.014  000.028: init default mappings
008.072  000.058: init default autocommands
010.286  000.084  000.084: sourcing /usr/local/Cellar/neovim/0.7.0/share/nvim/runtime/ftplugin.vim
010.661  000.041  000.041: sourcing /usr/local/Cellar/neovim/0.7.0/share/nvim/runtime/indent.vim
049.486  000.050  000.050: sourcing /Users/dNehrig/.local/share/nvim/site/pack/packer/start/nvim-web-devicons/plugin/nvim-web-devicons.vim
055.939  045.109  045.059: sourcing /Users/dNehrig/.config/nvim/init.lua
055.970  002.664: sourcing vimrc file(s)
057.797  000.027  000.027: sourcing /Users/dNehrig/.local/share/nvim/site/pack/packer/start/filetype.nvim/filetype.vim
058.209  000.038  000.038: sourcing /usr/local/Cellar/neovim/0.7.0/share/nvim/runtime/filetype.lua
058.295  000.022  000.022: sourcing /usr/local/Cellar/neovim/0.7.0/share/nvim/runtime/filetype.vim
058.614  000.040  000.040: sourcing /Users/dNehrig/.local/share/nvim/site/pack/packer/start/nvim-treesitter/autoload/nvim_treesitter.vim
059.203  000.088  000.088: sourcing /usr/local/Cellar/neovim/0.7.0/share/nvim/runtime/syntax/synload.vim
059.319  000.517  000.429: sourcing /usr/local/Cellar/neovim/0.7.0/share/nvim/runtime/syntax/syntax.vim
061.103  000.016  000.016: sourcing /Users/dNehrig/.local/share/nvim/site/pack/packer/start/nvim-web-devicons/plugin/nvim-web-devicons.vim
061.767  000.021  000.021: sourcing /usr/local/Cellar/neovim/0.7.0/share/nvim/runtime/plugin/gzip.vim
061.829  000.017  000.017: sourcing /usr/local/Cellar/neovim/0.7.0/share/nvim/runtime/plugin/health.vim
061.922  000.041  000.041: sourcing /usr/local/Cellar/neovim/0.7.0/share/nvim/runtime/plugin/man.vim
062.909  000.230  000.230: sourcing /usr/local/Cellar/neovim/0.7.0/share/nvim/runtime/pack/dist/opt/matchit/plugin/matchit.vim
063.129  001.161  000.931: sourcing /usr/local/Cellar/neovim/0.7.0/share/nvim/runtime/plugin/matchit.vim
063.382  000.195  000.195: sourcing /usr/local/Cellar/neovim/0.7.0/share/nvim/runtime/plugin/matchparen.vim
063.795  000.356  000.356: sourcing /usr/local/Cellar/neovim/0.7.0/share/nvim/runtime/plugin/netrwPlugin.vim
064.089  000.015  000.015: sourcing /Users/dNehrig/.local/share/nvim/rplugin.vim
064.099  000.229  000.214: sourcing /usr/local/Cellar/neovim/0.7.0/share/nvim/runtime/plugin/rplugin.vim
064.233  000.076  000.076: sourcing /usr/local/Cellar/neovim/0.7.0/share/nvim/runtime/plugin/shada.vim
064.331  000.032  000.032: sourcing /usr/local/Cellar/neovim/0.7.0/share/nvim/runtime/plugin/spellfile.vim
064.411  000.024  000.024: sourcing /usr/local/Cellar/neovim/0.7.0/share/nvim/runtime/plugin/tarPlugin.vim
064.489  000.022  000.022: sourcing /usr/local/Cellar/neovim/0.7.0/share/nvim/runtime/plugin/tohtml.vim
064.570  000.027  000.027: sourcing /usr/local/Cellar/neovim/0.7.0/share/nvim/runtime/plugin/tutor.vim
064.649  000.025  000.025: sourcing /usr/local/Cellar/neovim/0.7.0/share/nvim/runtime/plugin/zipPlugin.vim
066.330  000.207  000.207: sourcing /Users/dNehrig/.local/share/nvim/site/pack/packer/opt/dashboard-nvim/plugin/dashboard.vim
119.402  000.036  000.036: sourcing /Users/dNehrig/.local/share/nvim/site/pack/packer/start/presence.nvim/autoload/presence.vim
128.815  003.209  003.209: sourcing /Users/dNehrig/.local/share/nvim/site/pack/packer/start/tokyonight.nvim/colors/tokyonight.vim
144.183  000.040  000.040: sourcing /Users/dNehrig/.local/share/nvim/site/pack/packer/opt/tabout.nvim/plugin/tabout.vim
146.066  000.045  000.045: sourcing /Users/dNehrig/.local/share/nvim/site/pack/packer/opt/rust.vim/ftdetect/rust.vim
146.076  081.201  077.664: sourcing /Users/dNehrig/.config/nvim/plugin/packer_compiled.lua
146.881  006.824: loading rtp plugins
151.622  000.075  000.075: sourcing /Users/dNehrig/.local/share/nvim/site/pack/packer/start/barbar.nvim/autoload/bufferline/highlight.vim
153.402  005.384  005.309: sourcing /Users/dNehrig/.local/share/nvim/site/pack/packer/start/barbar.nvim/plugin/bufferline.vim
154.367  000.049  000.049: sourcing /Users/dNehrig/.local/share/nvim/site/pack/packer/start/cphelper.nvim/plugin/cphelper.vim
154.795  000.030  000.030: sourcing /Users/dNehrig/.local/share/nvim/site/pack/packer/start/fine-cmdline.nvim/plugin/fine-cmdline.vim
155.816  000.399  000.399: sourcing /Users/dNehrig/.local/share/nvim/site/pack/packer/start/iswap.nvim/plugin/iswap.vim
156.312  000.168  000.168: sourcing /Users/dNehrig/.local/share/nvim/site/pack/packer/start/lazygit.nvim/plugin/lazygit.vim
157.912  001.268  001.268: sourcing /Users/dNehrig/.local/share/nvim/site/pack/packer/start/lightspeed.nvim/plugin/lightspeed.vim
158.675  000.284  000.284: sourcing /Users/dNehrig/.local/share/nvim/site/pack/packer/start/lsp-colors.nvim/plugin/lsp-colors.vim
159.386  000.226  000.226: sourcing /Users/dNehrig/.local/share/nvim/site/pack/packer/start/LuaSnip/plugin/luasnip.vim
159.898  000.079  000.079: sourcing /Users/dNehrig/.local/share/nvim/site/pack/packer/start/mkdir.nvim/plugin/mkdir.lua
160.591  000.485  000.485: sourcing /Users/dNehrig/.local/share/nvim/site/pack/packer/start/neogit/plugin/neogit.vim
162.081  000.506  000.506: sourcing /Users/dNehrig/.local/share/nvim/site/pack/packer/start/nvim-cmp/plugin/cmp.lua
162.402  000.092  000.092: sourcing /Users/dNehrig/.local/share/nvim/site/pack/packer/start/nvim-lspconfig/plugin/lspconfig.vim
163.809  000.901  000.901: sourcing /Users/dNehrig/.local/share/nvim/site/pack/packer/start/nvim-treesitter/plugin/nvim-treesitter.lua
165.614  001.573  001.573: sourcing /Users/dNehrig/.local/share/nvim/site/pack/packer/start/nvim-treesitter-textobjects/plugin/nvim-treesitter-textobjects.vim
166.296  000.283  000.283: sourcing /Users/dNehrig/.local/share/nvim/site/pack/packer/start/nvim-treesitter-textsubjects/plugin/nvim-treesitter-textsubjects.vim
167.150  000.529  000.529: sourcing /Users/dNehrig/.local/share/nvim/site/pack/packer/start/nvim-ts-autotag/plugin/nvim-ts-autotag.vim
167.668  000.199  000.199: sourcing /Users/dNehrig/.local/share/nvim/site/pack/packer/start/nvim-ts-context-commentstring/plugin/ts_context_commentstring.vim
168.011  000.025  000.025: sourcing /Users/dNehrig/.local/share/nvim/site/pack/packer/start/nvim-web-devicons/plugin/nvim-web-devicons.vim
168.527  000.221  000.221: sourcing /Users/dNehrig/.local/share/nvim/site/pack/packer/start/nvim-yati/plugin/nvim-yati.vim
168.956  000.048  000.048: sourcing /Users/dNehrig/.local/share/nvim/site/pack/packer/start/plenary.nvim/plugin/plenary.vim
169.296  000.029  000.029: sourcing /Users/dNehrig/.local/share/nvim/site/pack/packer/start/presence.nvim/plugin/presence.vim
170.102  000.040  000.040: sourcing /Users/dNehrig/.local/share/nvim/site/pack/packer/start/urlview.nvim/plugin/urlview.vim
170.549  000.037  000.037: sourcing /Users/dNehrig/.local/share/nvim/site/pack/packer/start/window-picker.nvim/plugin/window-picker.vim
170.784  011.043: loading packages
171.963  000.283  000.283: sourcing /Users/dNehrig/.local/share/nvim/site/pack/packer/start/cmp-buffer/after/plugin/cmp_buffer.lua
172.341  000.156  000.156: sourcing /Users/dNehrig/.local/share/nvim/site/pack/packer/start/cmp-cmdline/after/plugin/cmp_cmdline.lua
172.572  000.057  000.057: sourcing /Users/dNehrig/.local/share/nvim/site/pack/packer/start/cmp-nvim-lsp/after/plugin/cmp_nvim_lsp.lua
172.874  000.118  000.118: sourcing /Users/dNehrig/.local/share/nvim/site/pack/packer/start/cmp-nvim-lsp-signature-help/after/plugin/cmp_nvim_lsp_signature_help.lua
173.176  000.126  000.126: sourcing /Users/dNehrig/.local/share/nvim/site/pack/packer/start/cmp-path/after/plugin/cmp_path.lua
173.534  000.119  000.119: sourcing /Users/dNehrig/.local/share/nvim/site/pack/packer/start/cmp-spell/after/plugin/cmp-spell.lua
173.862  000.155  000.155: sourcing /Users/dNehrig/.local/share/nvim/site/pack/packer/start/cmp_luasnip/after/plugin/cmp_luasnip.lua
173.897  002.099: loading after plugins
173.909  000.012: inits 3
176.402  002.493: reading ShaDa
178.720  002.318: opening buffers
180.181  001.461: BufEnter autocommands
180.184  000.003: editing files in windows
180.834  000.150  000.150: sourcing /Users/dNehrig/.local/share/nvim/site/pack/packer/opt/dashboard-nvim/autoload/dashboard.vim
181.617  000.039  000.039: sourcing /Users/dNehrig/.local/share/nvim/site/pack/packer/opt/dashboard-nvim/autoload/dashboard/utils.vim
181.931  000.057  000.057: sourcing /Users/dNehrig/.local/share/nvim/site/pack/packer/opt/dashboard-nvim/autoload/dashboard/header.vim
183.069  000.113  000.113: sourcing /Users/dNehrig/.local/share/nvim/site/pack/packer/opt/dashboard-nvim/autoload/dashboard/section.vim
183.917  000.203  000.203: sourcing /usr/local/Cellar/neovim/0.7.0/share/nvim/runtime/autoload/provider/clipboard.vim
188.077  000.089  000.089: sourcing /Users/dNehrig/.local/share/nvim/site/pack/packer/opt/dashboard-nvim/syntax/dashboard.vim
192.286  011.451: VimEnter autocommands
192.288  000.003: UIEnter autocommands
192.292  000.003: before starting main loop
193.733  001.442: first screen update
193.736  000.003: --- NVIM STARTED ---
